#
# There is insufficient memory for the Java Runtime Environment to continue.
# Native memory allocation (mmap) failed to map 266338304 bytes for Failed to commit area from 0x0000000703a00000 to 0x0000000713800000 of length 266338304.
# Possible reasons:
#   The system is out of physical RAM or swap space
#   The process is running with CompressedOops enabled, and the Java Heap may be blocking the growth of the native heap
# Possible solutions:
#   Reduce memory load on the system
#   Increase physical memory or swap space
#   Check if swap backing store is full
#   Decrease Java heap size (-Xmx/-Xms)
#   Decrease number of Java threads
#   Decrease Java thread stack sizes (-Xss)
#   Set larger code cache with -XX:ReservedCodeCacheSize=
# This output file may be truncated or incomplete.
#
#  Out of Memory Error (./src/hotspot/os/windows/os_windows.cpp:3303), pid=2984, tid=3616
#
# JRE version:  (11.0.8+10) (build )
# Java VM: OpenJDK 64-Bit Server VM (11.0.8+10-b944.6842174, mixed mode, sharing, tiered, compressed oops, g1 gc, windows-amd64)
# No core dump will be written. Minidumps are not enabled by default on client versions of Windows
#

---------------  S U M M A R Y ------------

Command Line: org.jetbrains.kotlin.cli.jvm.K2JVMCompiler @D:\MyLearning\EzetapAssignment\app\build\20210727_12142354657795957411.compiler.options

Host: 11th Gen Intel(R) Core(TM) i5-1135G7 @ 2.40GHz, 8 cores, 15G,  Windows 10 , 64 bit Build 19041 (10.0.19041.1023)
Time: Tue Jul 27 19:16:59 2021 India Standard Time elapsed time: 0 seconds (0d 0h 0m 0s)

---------------  T H R E A D  ---------------

Current thread (0x000001ebfb159800):  JavaThread "Unknown thread" [_thread_in_vm, id=3616, stack(0x0000001339b00000,0x0000001339c00000)]

Stack: [0x0000001339b00000,0x0000001339c00000]
Native frames: (J=compiled Java code, j=interpreted, Vv=VM code, C=native code)
V  [jvm.dll+0x5de50a]
V  [jvm.dll+0x7122f5]
V  [jvm.dll+0x71384d]
V  [jvm.dll+0x713f03]
V  [jvm.dll+0x23e728]
V  [jvm.dll+0x5db9a4]
V  [jvm.dll+0x5d0ae5]
V  [jvm.dll+0x2fb20b]
V  [jvm.dll+0x2fb17a]
V  [jvm.dll+0x2fb052]
V  [jvm.dll+0x2fff16]
V  [jvm.dll+0x348743]
V  [jvm.dll+0x348e46]
V  [jvm.dll+0x348843]
V  [jvm.dll+0x2d5d68]
V  [jvm.dll+0x2d6f07]
V  [jvm.dll+0x6f11f7]
V  [jvm.dll+0x6f29ec]
V  [jvm.dll+0x355cb9]
V  [jvm.dll+0x6d4ade]
V  [jvm.dll+0x3bdfe3]
V  [jvm.dll+0x3c0201]
C  [jli.dll+0x5373]
C  [ucrtbase.dll+0x21bb2]
C  [KERNEL32.DLL+0x17034]
C  [ntdll.dll+0x52651]


---------------  P R O C E S S  ---------------

Threads class SMR info:
_java_thread_list=0x000001ebf9810420, length=0, elements={
}

Java Threads: ( => current thread )

Other Threads:
  0x000001ebfb171800 GCTaskThread "GC Thread#0" [stack: 0x0000001339c00000,0x0000001339d00000] [id=18404]
  0x000001ebfb1cc000 ConcurrentGCThread "G1 Main Marker" [stack: 0x0000001339d00000,0x0000001339e00000] [id=8668]
  0x000001ebfb1cd000 ConcurrentGCThread "G1 Conc#0" [stack: 0x0000001339e00000,0x0000001339f00000] [id=10356]

[error occurred during error reporting (printing all threads), id 0xc0000005, EXCEPTION_ACCESS_VIOLATION (0xc0000005) at pc=0x00007ffbec396357]

VM state:not at safepoint (not fully initialized)

VM Mutex/Monitor currently owned by a thread:  ([mutex/lock_event])
[0x000001ebfb156470] Heap_lock - owner thread: 0x000001ebfb159800

Heap address: 0x0000000703a00000, size: 4038 MB, Compressed Oops mode: Non-zero based: 0x0000000703a00000
Narrow klass base: 0x0000000000000000, Narrow klass shift: 0

GC Heap History (0 events):
No events

Deoptimization events (0 events):
No events

Classes redefined (0 events):
No events

Internal exceptions (0 events):
No events

Events (1 events):
Event: 0.012 Loaded shared library C:\Program Files\Android\Android Studio\jre\bin\zip.dll


Dynamic libraries:
0x00007ff751390000 - 0x00007ff75139a000 	C:\Program Files\Android\Android Studio\jre\bin\java.exe
0x00007ffc48d90000 - 0x00007ffc48f85000 	C:\windows\SYSTEM32\ntdll.dll
0x00007ffc48c90000 - 0x00007ffc48d4d000 	C:\windows\System32\KERNEL32.DLL
0x00007ffc469d0000 - 0x00007ffc46c99000 	C:\windows\System32\KERNELBASE.dll
0x00007ffc468d0000 - 0x00007ffc469d0000 	C:\windows\System32\ucrtbase.dll
0x00007ffc3d8d0000 - 0x00007ffc3d8e9000 	C:\Program Files\Android\Android Studio\jre\bin\jli.dll
0x00007ffc1f4c0000 - 0x00007ffc1f4d7000 	C:\Program Files\Android\Android Studio\jre\bin\VCRUNTIME140.dll
0x00007ffc47880000 - 0x00007ffc47a20000 	C:\windows\System32\USER32.dll
0x00007ffc46680000 - 0x00007ffc466a2000 	C:\windows\System32\win32u.dll
0x00007ffc48490000 - 0x00007ffc484ba000 	C:\windows\System32\GDI32.dll
0x00007ffc46740000 - 0x00007ffc4684b000 	C:\windows\System32\gdi32full.dll
0x00007ffc28dc0000 - 0x00007ffc2905a000 	C:\windows\WinSxS\amd64_microsoft.windows.common-controls_6595b64144ccf1df_6.0.19041.1110_none_60b5254171f9507e\COMCTL32.dll
0x00007ffc464d0000 - 0x00007ffc4656d000 	C:\windows\System32\msvcp_win.dll
0x00007ffc46e70000 - 0x00007ffc46f0e000 	C:\windows\System32\msvcrt.dll
0x00007ffc47ff0000 - 0x00007ffc48020000 	C:\windows\System32\IMM32.DLL
0x00007ffbf58c0000 - 0x00007ffbf595d000 	C:\Program Files\Android\Android Studio\jre\bin\msvcp140.dll
0x00007ffbec0b0000 - 0x00007ffbecb6c000 	C:\Program Files\Android\Android Studio\jre\bin\server\jvm.dll
0x00007ffc47af0000 - 0x00007ffc47b9c000 	C:\windows\System32\ADVAPI32.dll
0x00007ffc47ba0000 - 0x00007ffc47c3b000 	C:\windows\System32\sechost.dll
0x00007ffc47750000 - 0x00007ffc4787a000 	C:\windows\System32\RPCRT4.dll
0x00007ffc46e60000 - 0x00007ffc46e68000 	C:\windows\System32\PSAPI.DLL
0x00007ffc27340000 - 0x00007ffc27367000 	C:\windows\SYSTEM32\WINMM.dll
0x00007ffc3a6c0000 - 0x00007ffc3a6ca000 	C:\windows\SYSTEM32\VERSION.dll
0x00007ffc22000000 - 0x00007ffc22009000 	C:\windows\SYSTEM32\WSOCK32.dll
0x00007ffc47560000 - 0x00007ffc475cb000 	C:\windows\System32\WS2_32.dll
0x00007ffc44d90000 - 0x00007ffc44da2000 	C:\windows\SYSTEM32\kernel.appcore.dll
0x00007ffc3cec0000 - 0x00007ffc3ced1000 	C:\Program Files\Android\Android Studio\jre\bin\verify.dll
0x00007ffc43fd0000 - 0x00007ffc441b4000 	C:\windows\SYSTEM32\DBGHELP.DLL
0x00007ffc29ff0000 - 0x00007ffc2a01c000 	C:\windows\SYSTEM32\dbgcore.DLL
0x00007ffc466b0000 - 0x00007ffc46733000 	C:\windows\System32\bcryptPrimitives.dll
0x00007ffc1f430000 - 0x00007ffc1f459000 	C:\Program Files\Android\Android Studio\jre\bin\java.dll
0x00007ffc3d810000 - 0x00007ffc3d81b000 	C:\Program Files\Android\Android Studio\jre\bin\jimage.dll
0x00007ffc12470000 - 0x00007ffc12488000 	C:\Program Files\Android\Android Studio\jre\bin\zip.dll

dbghelp: loaded successfully - version: 4.0.5 - missing functions: none
symbol engine: initialized successfully - sym options: 0x614 - pdb path: .;C:\Program Files\Android\Android Studio\jre\bin;C:\windows\SYSTEM32;C:\windows\WinSxS\amd64_microsoft.windows.common-controls_6595b64144ccf1df_6.0.19041.1110_none_60b5254171f9507e;C:\Program Files\Android\Android Studio\jre\bin\server

VM Arguments:
java_command: org.jetbrains.kotlin.cli.jvm.K2JVMCompiler @D:\MyLearning\EzetapAssignment\app\build\20210727_12142354657795957411.compiler.options
java_class_path (initial): D:\Workstation\MVVM-Retrofit-Kotlin-Example-master\.gradle\caches\modules-2\files-2.1\org.jetbrains.kotlin\kotlin-compiler-embeddable\1.5.21\40ddbcae9ff100473f95370c2d589ba3fc48eed5\kotlin-compiler-embeddable-1.5.21.jar;D:\Workstation\MVVM-Retrofit-Kotlin-Example-master\.gradle\caches\modules-2\files-2.1\org.jetbrains.kotlin\kotlin-reflect\1.5.21\802f1f39735ae1eb2b75714a40fa19bb2e687e96\kotlin-reflect-1.5.21.jar;D:\Workstation\MVVM-Retrofit-Kotlin-Example-master\.gradle\caches\modules-2\files-2.1\org.jetbrains.kotlin\kotlin-stdlib\1.5.21\2f537cad7e9eeb9da73738c8812e1e4cf9b62e4e\kotlin-stdlib-1.5.21.jar;D:\Workstation\MVVM-Retrofit-Kotlin-Example-master\.gradle\caches\modules-2\files-2.1\org.jetbrains.kotlin\kotlin-script-runtime\1.5.21\96d49e89873fde985750af354b6eabb60cfa999b\kotlin-script-runtime-1.5.21.jar;D:\Workstation\MVVM-Retrofit-Kotlin-Example-master\.gradle\caches\modules-2\files-2.1\org.jetbrains.kotlin\kotlin-daemon-embeddable\1.5.21\17255809e66a940dfdf6289bccbdfb5a09f3145\kotlin-daemon-embeddable-1.5.21.jar;D:\Workstation\MVVM-Retrofit-Kotlin-Example-master\.gradle\caches\modules-2\files-2.1\org.jetbrains.intellij.deps\trove4j\1.0.20181211\216c2e14b070f334479d800987affe4054cd563f\trove4j-1.0.20181211.jar;D:\Workstation\MVVM-Retrofit-Kotlin-Example-master\.gradle\caches\modules-2\files-2.1\org.jetbrains\annotations\13.0\919f0dfe192fb4e063e7dacadee7f8bb9a2672a9\annotations-13.0.jar;D:\Workstation\MVVM-Retrofit-Kotlin-Example-master\.gradle\caches\modules-2\files-2.1\org.jetbrains.kotlin\kotlin-stdlib-common\1.5.21\cc8bf3586fd2ebcf234058b9440bb406e62dfacb\kotlin-stdlib-common-1.5.21.jar
Launcher Type: SUN_STANDARD

[Global flags]
     intx CICompilerCount                          = 4                                         {product} {ergonomic}
     uint ConcGCThreads                            = 2                                         {product} {ergonomic}
     uint G1ConcRefinementThreads                  = 8                                         {product} {ergonomic}
   size_t G1HeapRegionSize                         = 1048576                                   {product} {ergonomic}
    uintx GCDrainStackTargetSize                   = 64                                        {product} {ergonomic}
   size_t InitialHeapSize                          = 266338304                                 {product} {ergonomic}
   size_t MarkStackSize                            = 4194304                                   {product} {ergonomic}
   size_t MaxHeapSize                              = 4234149888                                {product} {ergonomic}
   size_t MinHeapDeltaBytes                        = 1048576                                   {product} {ergonomic}
    uintx NonNMethodCodeHeapSize                   = 5836300                                {pd product} {ergonomic}
    uintx NonProfiledCodeHeapSize                  = 122910970                              {pd product} {ergonomic}
    uintx ProfiledCodeHeapSize                     = 122910970                              {pd product} {ergonomic}
    uintx ReservedCodeCacheSize                    = 251658240                              {pd product} {ergonomic}
     bool SegmentedCodeCache                       = true                                      {product} {ergonomic}
     bool UseCompressedClassPointers               = true                                 {lp64_product} {ergonomic}
     bool UseCompressedOops                        = true                                 {lp64_product} {ergonomic}
     bool UseG1GC                                  = true                                      {product} {ergonomic}
     bool UseLargePagesIndividualAllocation        = false                                  {pd product} {ergonomic}

Logging:
Log output configuration:
 #0: stdout all=warning uptime,level,tags
 #1: stderr all=off uptime,level,tags

Environment Variables:
PATH=C:\windows\system32;C:\windows;C:\windows\System32\Wbem;C:\windows\System32\WindowsPowerShell\v1.0\;C:\windows\System32\OpenSSH\;C:\Program Files\Git\cmd;C:\Users\sudha\AppData\Local\Microsoft\WindowsApps;
USERNAME=sudha
OS=Windows_NT
PROCESSOR_IDENTIFIER=Intel64 Family 6 Model 140 Stepping 1, GenuineIntel



---------------  S Y S T E M  ---------------

OS: Windows 10 , 64 bit Build 19041 (10.0.19041.1023)
OS uptime: 0 days 7:55 hours

CPU:total 8 (initial active 8) (4 cores per cpu, 2 threads per core) family 6 model 140 stepping 1, cmov, cx8, fxsr, mmx, sse, sse2, sse3, ssse3, sse4.1, sse4.2, popcnt, avx, avx2, aes, clmul, erms, 3dnowpref, lzcnt, ht, tsc, tscinvbit, bmi1, bmi2, adx, evex, sha, fma

Memory: 4k page, system-wide physical 16149M (1014M free)
TotalPageFile size 16149M (AvailPageFile size 152M)
current process WorkingSet (physical memory assigned to process): 10M, peak: 10M
current process commit charge ("private bytes"): 60M, peak: 314M

vm_info: OpenJDK 64-Bit Server VM (11.0.8+10-b944.6842174) for windows-amd64 JRE (11.0.8+10-b944.6842174), built on Sep 19 2020 01:11:42 by "builder" with MS VC++ 14.0 (VS2015)

END.
